0 verbose cli /usr/local/bin/node /usr/local/lib/node_modules/npm/bin/npm-cli.js
1 info using npm@10.9.2
2 info using node@v22.17.1
3 silly config load:file:/usr/local/lib/node_modules/npm/npmrc
4 silly config load:file:/Users/yuwei/Documents/GitHub/Personal-Website/.npmrc
5 silly config load:file:/Users/yuwei/.npmrc
6 silly config load:file:/usr/local/etc/npmrc
7 verbose title npm exec sanity@latest init --template clean --output sanity
8 verbose argv "exec" "--" "sanity@latest" "init" "--template" "clean" "--output" "sanity"
9 verbose logfile logs-max:10 dir:/Users/yuwei/Documents/GitHub/Personal-Website/sanity/.npm-cache/_logs/2025-11-25T17_04_38_599Z-
10 verbose logfile /Users/yuwei/Documents/GitHub/Personal-Website/sanity/.npm-cache/_logs/2025-11-25T17_04_38_599Z-debug-0.log
11 silly logfile done cleaning log files
12 silly packumentCache heap:4345298944 maxSize:1086324736 maxEntrySize:543162368
13 http fetch GET 200 https://registry.npmjs.org/sanity 709ms (cache revalidated)
14 verbose cwd /Users/yuwei/Documents/GitHub/Personal-Website/sanity
15 verbose os Darwin 25.1.0
16 verbose node v22.17.1
17 verbose npm  v10.9.2
18 verbose exit 0
19 info ok
