0 verbose cli /opt/homebrew/Cellar/node/25.8.0/bin/node /opt/homebrew/bin/npm
1 info using npm@11.11.0
2 info using node@v25.8.0
3 silly config load:file:/opt/homebrew/lib/node_modules/npm/npmrc
4 silly config load:file:/Users/yuwei/Documents/GitHub/Personal-Website/.npmrc
5 silly config load:file:/Users/yuwei/.npmrc
6 silly config load:file:/opt/homebrew/etc/npmrc
7 verbose title npm run dev
8 verbose argv "run" "dev"
9 verbose logfile logs-max:10 dir:/Users/yuwei/Documents/GitHub/Personal-Website/sanity/.npm-cache/_logs/2026-05-06T21_49_19_912Z-
10 verbose logfile /Users/yuwei/Documents/GitHub/Personal-Website/sanity/.npm-cache/_logs/2026-05-06T21_49_19_912Z-debug-0.log
11 silly logfile done cleaning log files
12 http fetch GET 200 https://registry.npmjs.org/npm 177ms
13 verbose cwd /Users/yuwei/Documents/GitHub/Personal-Website/sanity
14 verbose os Darwin 25.3.0
15 verbose node v25.8.0
16 verbose npm  v11.11.0
17 notice
17 notice New [33mminor[39m version of npm available! [33m11.11.0[39m -> [34m11.14.0[39m
17 notice Changelog: [34mhttps://github.com/npm/cli/releases/tag/v11.14.0[39m
17 notice To update run: [4mnpm install -g npm@11.14.0[24m
17 notice  { force: true, Symbol(proc-log.meta): true }
18 verbose exit 1
19 verbose code 1
